TN:
SF:src/index.js
FN:4,(anonymous_0)
FN:7,(anonymous_1)
FNF:2
FNH:2
FNDA:1,(anonymous_0)
FNDA:5,(anonymous_1)
DA:4,1
DA:5,1
DA:7,1
DA:8,5
DA:9,2
DA:11,3
DA:12,1
DA:14,2
DA:15,1
DA:17,1
DA:23,1
LF:11
LH:11
BRDA:8,0,0,2
BRDA:8,0,1,3
BRDA:11,1,0,1
BRDA:11,1,1,2
BRDA:14,2,0,1
BRDA:14,2,1,1
BRF:6
BRH:6
end_of_record
TN:
SF:src/parseFile.js
FN:4,(anonymous_0)
FNF:1
FNH:1
FNDA:2,(anonymous_0)
DA:4,1
DA:5,2
DA:7,2
DA:8,0
DA:9,0
DA:12,2
DA:14,2
DA:15,2
DA:17,0
DA:18,0
LF:10
LH:6
BRDA:7,0,0,0
BRDA:7,0,1,2
BRF:2
BRH:1
end_of_record
